2022.04.29 10:38:41 INFO  tracing is disabled for protocol LSP, to enable tracing of incoming and outgoing JSON messages create an empty file at /home/theo/Development/code/projects/play-samples/play-scala-rest-api-example/.metals/lsp.trace.json or /home/theo/.cache/metals/lsp.trace.json[0m
2022.04.29 10:38:41 INFO  logging to file /home/theo/Development/code/projects/play-samples/play-scala-rest-api-example/.metals/metals.log[0m
2022.04.29 10:38:41 INFO  Started: Metals version 0.11.5 in workspace '/home/theo/Development/code/projects/play-samples/play-scala-rest-api-example' for client Visual Studio Code 1.66.2.[0m
2022.04.29 10:38:43 INFO  time: initialize in 1.76s[0m
2022.04.29 10:38:43 WARN  Flyway upgrade recommended: H2 2.1.212 is newer than this version of Flyway and support has not been tested. The latest supported version of H2 is 2.1.210.[0m
2022.04.29 10:38:43 WARN  Build server is not auto-connectable.[0m
2022.04.29 10:38:51 INFO  running '/usr/lib/jvm/java-17-oracle/bin/java -Djline.terminal=jline.UnsupportedTerminal -Dsbt.log.noformat=true -Dfile.encoding=UTF-8 -jar /tmp/metals17697935285982573454/sbt-launch.jar -Dbloop.export-jar-classifiers=sources bloopInstall'[0m
2022.04.29 10:38:51 WARN  no build target for: /home/theo/Development/code/projects/play-samples/play-scala-rest-api-example/project/project/metals.sbt[0m
2022.04.29 10:38:51 WARN  no build target for: /home/theo/Development/code/projects/play-samples/play-scala-rest-api-example/project/metals.sbt[0m
2022.04.29 10:38:51 INFO  skipping build import with status 'Started'[0m
2022.04.29 10:38:52 INFO  [info] welcome to sbt 1.6.2 (Oracle Corporation Java 17.0.1)[0m
2022.04.29 10:38:55 INFO  [info] loading settings for project play-scala-rest-api-example-build-build-build from metals.sbt ...[0m
2022.04.29 10:38:55 INFO  [info] loading project definition from /home/theo/Development/code/projects/play-samples/play-scala-rest-api-example/project/project/project[0m
2022.04.29 10:38:57 INFO  no build target found for /home/theo/Development/code/projects/play-samples/play-scala-rest-api-example/project/project/metals.sbt. Using presentation compiler with project's scala-library version: 3.1.2[0m
2022.04.29 10:39:00 INFO  [info] loading settings for project play-scala-rest-api-example-build-build from metals.sbt ...[0m
2022.04.29 10:39:00 INFO  [info] loading project definition from /home/theo/Development/code/projects/play-samples/play-scala-rest-api-example/project/project[0m
2022.04.29 10:39:01 INFO  [success] Generated .bloop/play-scala-rest-api-example-build-build.json[0m
2022.04.29 10:39:01 INFO  [success] Total time: 2 s, completed Apr 29, 2022, 10:39:01 AM[0m
2022.04.29 10:39:02 INFO  [info] loading settings for project play-scala-rest-api-example-build from metals.sbt,plugins.sbt ...[0m
2022.04.29 10:39:02 INFO  [info] loading project definition from /home/theo/Development/code/projects/play-samples/play-scala-rest-api-example/project[0m
2022.04.29 10:39:04 WARN  no build target for: /home/theo/Development/code/projects/play-samples/play-scala-rest-api-example/project/project/project/metals.sbt[0m
2022.04.29 10:39:12 INFO  [success] Generated .bloop/play-scala-rest-api-example-build.json[0m
2022.04.29 10:39:12 INFO  [info] compiling 1 Scala source to /home/theo/Development/code/projects/play-samples/play-scala-rest-api-example/project/target/scala-2.12/sbt-1.0/classes ...[0m
2022.04.29 10:39:12 INFO  [info] Non-compiled module 'compiler-bridge_2.12' for Scala 2.12.15. Compiling...[0m
2022.04.29 10:39:17 INFO  user cancelled sbt bloopInstall[0m
2022.04.29 10:39:17 INFO  time: ran 'sbt bloopInstall' in 25s[0m
2022.04.29 10:39:41 WARN  no build target for: /home/theo/Development/code/projects/play-samples/play-scala-rest-api-example/app/v1/post/PostRouter.scala[0m
2022.04.29 10:39:44 WARN  no build target for: /home/theo/Development/code/projects/play-samples/play-scala-rest-api-example/app/v1/post/PostResourceHandler.scala[0m
2022.04.29 10:39:52 WARN  no build target for: /home/theo/Development/code/projects/play-samples/play-scala-rest-api-example/app/v1/post/PostActionBuilder.scala[0m
2022.04.29 10:39:53 WARN  no build target for: /home/theo/Development/code/projects/play-samples/play-scala-rest-api-example/app/v1/post/PostController.scala[0m
2022.04.29 10:39:57 WARN  no build target for: /home/theo/Development/code/projects/play-samples/play-scala-rest-api-example/app/v1/post/PostActionBuilder.scala[0m
2022.04.29 10:39:59 WARN  no build target for: /home/theo/Development/code/projects/play-samples/play-scala-rest-api-example/app/v1/post/PostController.scala[0m
2022.04.29 10:40:07 WARN  no build target for: /home/theo/Development/code/projects/play-samples/play-scala-rest-api-example/app/v1/post/PostRepository.scala[0m
